<?xml version="1.0" encoding="UTF-8"?>
<!-- Generated by org.testng.reporters.JUnitReportReporter -->
<testsuite skipped="0" hostname="ADMIN" name="testNGConcept.DataProviderConcept" tests="2" failures="0" timestamp="16 Sep 2020 11:49:20 GMT" time="26.165" errors="0">
  <testcase name="login" time="13.774" classname="testNGConcept.DataProviderConcept"/>
  <testcase name="login" time="12.391" classname="testNGConcept.DataProviderConcept"/>
</testsuite> <!-- testNGConcept.DataProviderConcept -->
