<?xml version="1.0" encoding="UTF-8"?>
<!-- Generated by org.testng.reporters.JUnitReportReporter -->
<testsuite skipped="1" hostname="ADMIN" name="testNGConcept.RealtimeCode" tests="3" failures="0" timestamp="17 Sep 2020 20:51:44 GMT" time="23.944" errors="0">
  <testcase name="signUpLinkTest" time="11.491" classname="testNGConcept.RealtimeCode"/>
  <testcase name="loginTest" time="12.453" classname="testNGConcept.RealtimeCode"/>
  <testcase name="checkApplicationTitle" classname="testNGConcept.RealtimeCode">
    <skipped/>
  </testcase> <!-- checkApplicationTitle -->
</testsuite> <!-- testNGConcept.RealtimeCode -->
