<?xml version="1.0" encoding="UTF-8"?>
<!-- Generated by org.testng.reporters.JUnitReportReporter -->
<testsuite skipped="0" hostname="ADMIN" name="testNGConcept.DataProviderPractice" tests="2" failures="0" timestamp="16 Sep 2020 12:00:39 GMT" time="25.732" errors="0">
  <testcase name="login" time="12.937" classname="testNGConcept.DataProviderPractice"/>
  <testcase name="login" time="12.795" classname="testNGConcept.DataProviderPractice"/>
</testsuite> <!-- testNGConcept.DataProviderPractice -->
