<?xml version="1.0" encoding="UTF-8"?>
<!-- Generated by org.testng.reporters.JUnitReportReporter -->
<testsuite skipped="0" hostname="ADMIN" name="testNGConcept.Priorities" tests="3" failures="0" timestamp="15 Sep 2020 22:12:04 GMT" time="0.012" errors="0">
  <testcase name="login" time="0.009" classname="testNGConcept.Priorities"/>
  <testcase name="bookingTickets" time="0.002" classname="testNGConcept.Priorities"/>
  <testcase name="logout" time="0.001" classname="testNGConcept.Priorities"/>
</testsuite> <!-- testNGConcept.Priorities -->
