<?xml version="1.0" encoding="UTF-8"?>
<!-- Generated by org.testng.reporters.JUnitReportReporter -->
<testsuite skipped="0" hostname="ADMIN" name="testNGConcept.DifferentAnnotations" tests="3" failures="0" timestamp="16 Sep 2020 15:54:34 GMT" time="0.010" errors="0">
  <testcase name="faxingTickets" time="0.002" classname="testNGConcept.DifferentAnnotations"/>
  <testcase name="bookTickets" time="0.007" classname="testNGConcept.DifferentAnnotations"/>
  <testcase name="cancelTickets" time="0.001" classname="testNGConcept.DifferentAnnotations"/>
</testsuite> <!-- testNGConcept.DifferentAnnotations -->
