<?xml version="1.0" encoding="UTF-8"?>
<!-- Generated by org.testng.reporters.JUnitReportReporter -->
<testsuite skipped="0" hostname="ADMIN" name="testNGConcept.DisplayPersonalDetails" tests="3" failures="0" timestamp="16 Sep 2020 20:18:24 GMT" time="0.010" errors="0">
  <testcase name="displayEmailID" time="0.006" classname="testNGConcept.DisplayPersonalDetails"/>
  <testcase name="displayMobileNo" time="0.002" classname="testNGConcept.DisplayPersonalDetails"/>
  <testcase name="displayName" time="0.002" classname="testNGConcept.DisplayPersonalDetails"/>
</testsuite> <!-- testNGConcept.DisplayPersonalDetails -->
