<?xml version="1.0" encoding="UTF-8"?>
<!-- Generated by org.testng.reporters.JUnitReportReporter -->
<testsuite skipped="0" hostname="ADMIN" name="testNGConcept.FirstTestNGCode" tests="1" failures="0" timestamp="16 Sep 2020 20:18:24 GMT" time="0.007" errors="0">
  <testcase name="displayMessage" time="0.007" classname="testNGConcept.FirstTestNGCode"/>
</testsuite> <!-- testNGConcept.FirstTestNGCode -->
