<?xml version="1.0" encoding="UTF-8"?>
<!-- Generated by org.testng.reporters.JUnitReportReporter -->
<testsuite skipped="0" hostname="ADMIN" name="testNGConcept.SoftAssertionsConcept" tests="1" failures="0" timestamp="15 Sep 2020 21:57:38 GMT" time="0.011" errors="0">
  <testcase name="softAssertion" time="0.011" classname="testNGConcept.SoftAssertionsConcept"/>
</testsuite> <!-- testNGConcept.SoftAssertionsConcept -->
